2021-07-19 16:57:42,698:INFO:PyCaret Supervised Module
2021-07-19 16:57:42,698:INFO:ML Usecase: classification
2021-07-19 16:57:42,699:INFO:version 2.2.2
2021-07-19 16:57:42,699:INFO:Initializing setup()
2021-07-19 16:57:42,699:INFO:setup(target=workout_type, ml_usecase=classification, available_plots={'parameter': 'Hyperparameters', 'auc': 'AUC', 'confusion_matrix': 'Confusion Matrix', 'threshold': 'Threshold', 'pr': 'Precision Recall', 'error': 'Prediction Error', 'class_report': 'Class Report', 'rfe': 'Feature Selection', 'learning': 'Learning Curve', 'manifold': 'Manifold Learning', 'calibration': 'Calibration Curve', 'vc': 'Validation Curve', 'dimension': 'Dimensions', 'feature': 'Feature Importance', 'feature_all': 'Feature Importance (All)', 'boundary': 'Decision Boundary', 'lift': 'Lift Chart', 'gain': 'Gain Chart', 'tree': 'Decision Tree'}, train_size=0.7, test_data=None, preprocess=True, imputation_type=simple, iterative_imputation_iters=5, categorical_features=None, categorical_imputation=constant, categorical_iterative_imputer=lightgbm, ordinal_features=None, high_cardinality_features=None, high_cardinality_method=frequency, numeric_features=None, numeric_imputation=mean, numeric_iterative_imputer=lightgbm, date_features=None, ignore_features=None, normalize=False, normalize_method=zscore, transformation=False, transformation_method=yeo-johnson, handle_unknown_categorical=True, unknown_categorical_method=least_frequent, pca=False, pca_method=linear, pca_components=None, ignore_low_variance=False, combine_rare_levels=False, rare_level_threshold=0.1, bin_numeric_features=None, remove_outliers=False, outliers_threshold=0.05, remove_multicollinearity=False, multicollinearity_threshold=0.9, remove_perfect_collinearity=True, create_clusters=False, cluster_iter=20, polynomial_features=False, polynomial_degree=2, trigonometry_features=False, polynomial_threshold=0.1, group_features=None, group_names=None, feature_selection=False, feature_selection_threshold=0.8, feature_selection_method=classic, feature_interaction=False, feature_ratio=False, interaction_threshold=0.01, fix_imbalance=False, fix_imbalance_method=None, transform_target=False, transform_target_method=box-cox, data_split_shuffle=True, data_split_stratify=False, fold_strategy=stratifiedkfold, fold=10, fold_shuffle=False, fold_groups=None, n_jobs=-1, use_gpu=False, custom_pipeline=None, html=True, session_id=None, log_experiment=False, experiment_name=None, log_plots=False, log_profile=False, log_data=False, silent=False, verbose=True, profile=False, profile_kwargs=None, display=None)
2021-07-19 16:57:42,699:INFO:Checking environment
2021-07-19 16:57:42,699:INFO:python_version: 3.9.5
2021-07-19 16:57:42,699:INFO:python_build: ('default', 'May 18 2021 12:31:01')
2021-07-19 16:57:42,699:INFO:machine: x86_64
2021-07-19 16:57:42,854:INFO:platform: macOS-10.16-x86_64-i386-64bit
2021-07-19 16:57:42,859:WARNING:cannot find psutil installation. memory not traceable. Install psutil using pip to enable memory logging.
2021-07-19 16:57:42,859:INFO:Checking libraries
2021-07-19 16:57:42,859:INFO:pd==1.2.4
2021-07-19 16:57:42,859:INFO:numpy==1.20.3
2021-07-19 16:57:42,859:INFO:sklearn==0.24.2
2021-07-19 16:57:44,042:INFO:xgboost==1.4.2
2021-07-19 16:57:44,042:INFO:lightgbm==3.2.1
2021-07-19 16:57:45,532:INFO:catboost==0.26
2021-07-19 16:57:50,689:INFO:mlflow==1.19.0
2021-07-19 16:57:50,694:INFO:Checking Exceptions
2021-07-19 16:57:50,695:INFO:Declaring global variables
2021-07-19 16:57:50,695:INFO:USI: 6ea8
2021-07-19 16:57:50,696:INFO:pycaret_globals: {'_all_metrics', 'prep_pipe', 'fold_generator', 'transform_target_param', 'transform_target_method_param', 'X', 'master_model_container', 'create_model_container', 'log_plots_param', 'fold_shuffle_param', '_all_models_internal', 'imputation_regressor', 'USI', 'y', '_available_plots', 'fold_param', 'display_container', 'imputation_classifier', 'target_param', '_internal_pipeline', 'stratify_param', 'data_before_preprocess', 'X_train', 'experiment__', 'pycaret_globals', 'n_jobs_param', 'iterative_imputation_iters_param', 'X_test', 'y_train', 'seed', 'y_test', 'fix_imbalance_method_param', 'exp_name_log', '_all_models', '_ml_usecase', 'logging_param', 'fix_imbalance_param', 'fold_groups_param', 'html_param', '_gpu_n_jobs_param', 'gpu_param'}
2021-07-19 16:57:50,696:INFO:Preparing display monitor
2021-07-19 16:57:50,696:INFO:Preparing display monitor
2021-07-19 16:57:50,743:INFO:Importing libraries
2021-07-19 16:57:50,745:INFO:Copying data for preprocessing
2021-07-19 16:57:50,773:INFO:Declaring preprocessing parameters
2021-07-19 16:57:50,776:INFO:Creating preprocessing pipeline
2021-07-19 16:57:50,808:INFO:Preprocessing pipeline created successfully
2021-07-19 16:57:50,809:ERROR:(Process Exit): setup has been interupted with user command 'quit'. setup must rerun.
2021-07-19 16:57:50,809:INFO:Creating global containers
2021-07-19 16:59:48,714:INFO:PyCaret Supervised Module
2021-07-19 16:59:48,714:INFO:ML Usecase: classification
2021-07-19 16:59:48,715:INFO:version 2.2.2
2021-07-19 16:59:48,715:INFO:Initializing setup()
2021-07-19 16:59:48,715:INFO:setup(target=workout_type, ml_usecase=classification, available_plots={'parameter': 'Hyperparameters', 'auc': 'AUC', 'confusion_matrix': 'Confusion Matrix', 'threshold': 'Threshold', 'pr': 'Precision Recall', 'error': 'Prediction Error', 'class_report': 'Class Report', 'rfe': 'Feature Selection', 'learning': 'Learning Curve', 'manifold': 'Manifold Learning', 'calibration': 'Calibration Curve', 'vc': 'Validation Curve', 'dimension': 'Dimensions', 'feature': 'Feature Importance', 'feature_all': 'Feature Importance (All)', 'boundary': 'Decision Boundary', 'lift': 'Lift Chart', 'gain': 'Gain Chart', 'tree': 'Decision Tree'}, train_size=0.7, test_data=None, preprocess=True, imputation_type=simple, iterative_imputation_iters=5, categorical_features=None, categorical_imputation=constant, categorical_iterative_imputer=lightgbm, ordinal_features=None, high_cardinality_features=None, high_cardinality_method=frequency, numeric_features=None, numeric_imputation=mean, numeric_iterative_imputer=lightgbm, date_features=None, ignore_features=None, normalize=False, normalize_method=zscore, transformation=False, transformation_method=yeo-johnson, handle_unknown_categorical=True, unknown_categorical_method=least_frequent, pca=False, pca_method=linear, pca_components=None, ignore_low_variance=False, combine_rare_levels=False, rare_level_threshold=0.1, bin_numeric_features=None, remove_outliers=False, outliers_threshold=0.05, remove_multicollinearity=False, multicollinearity_threshold=0.9, remove_perfect_collinearity=True, create_clusters=False, cluster_iter=20, polynomial_features=False, polynomial_degree=2, trigonometry_features=False, polynomial_threshold=0.1, group_features=None, group_names=None, feature_selection=False, feature_selection_threshold=0.8, feature_selection_method=classic, feature_interaction=False, feature_ratio=False, interaction_threshold=0.01, fix_imbalance=False, fix_imbalance_method=None, transform_target=False, transform_target_method=box-cox, data_split_shuffle=True, data_split_stratify=False, fold_strategy=stratifiedkfold, fold=10, fold_shuffle=False, fold_groups=None, n_jobs=-1, use_gpu=False, custom_pipeline=None, html=True, session_id=2, log_experiment=False, experiment_name=None, log_plots=False, log_profile=False, log_data=False, silent=False, verbose=True, profile=False, profile_kwargs=None, display=None)
2021-07-19 16:59:48,716:INFO:Checking environment
2021-07-19 16:59:48,716:INFO:python_version: 3.9.5
2021-07-19 16:59:48,716:INFO:python_build: ('default', 'May 18 2021 12:31:01')
2021-07-19 16:59:48,716:INFO:machine: x86_64
2021-07-19 16:59:48,717:INFO:platform: macOS-10.16-x86_64-i386-64bit
2021-07-19 16:59:48,723:WARNING:cannot find psutil installation. memory not traceable. Install psutil using pip to enable memory logging.
2021-07-19 16:59:48,723:INFO:Checking libraries
2021-07-19 16:59:48,723:INFO:pd==1.2.4
2021-07-19 16:59:48,723:INFO:numpy==1.20.3
2021-07-19 16:59:48,724:INFO:sklearn==0.24.2
2021-07-19 16:59:48,724:INFO:xgboost==1.4.2
2021-07-19 16:59:48,724:INFO:lightgbm==3.2.1
2021-07-19 16:59:48,724:INFO:catboost==0.26
2021-07-19 16:59:48,724:INFO:mlflow==1.19.0
2021-07-19 16:59:48,724:INFO:Checking Exceptions
2021-07-19 16:59:48,724:INFO:Declaring global variables
2021-07-19 16:59:48,724:INFO:USI: 3421
2021-07-19 16:59:48,724:INFO:pycaret_globals: {'_all_metrics', 'prep_pipe', 'fold_generator', 'transform_target_param', 'transform_target_method_param', 'X', 'master_model_container', 'create_model_container', 'log_plots_param', 'fold_shuffle_param', '_all_models_internal', 'imputation_regressor', 'USI', 'y', '_available_plots', 'fold_param', 'display_container', 'imputation_classifier', 'target_param', '_internal_pipeline', 'stratify_param', 'data_before_preprocess', 'X_train', 'experiment__', 'pycaret_globals', 'n_jobs_param', 'iterative_imputation_iters_param', 'X_test', 'y_train', 'seed', 'y_test', 'fix_imbalance_method_param', 'exp_name_log', '_all_models', '_ml_usecase', 'logging_param', 'fix_imbalance_param', 'fold_groups_param', 'html_param', '_gpu_n_jobs_param', 'gpu_param'}
2021-07-19 16:59:48,724:INFO:Preparing display monitor
2021-07-19 16:59:48,724:INFO:Preparing display monitor
2021-07-19 16:59:48,750:INFO:Importing libraries
2021-07-19 16:59:48,751:INFO:Copying data for preprocessing
2021-07-19 16:59:48,764:INFO:Declaring preprocessing parameters
2021-07-19 16:59:48,767:INFO:Creating preprocessing pipeline
2021-07-19 16:59:48,792:INFO:Preprocessing pipeline created successfully
2021-07-19 16:59:48,793:ERROR:(Process Exit): setup has been interupted with user command 'quit'. setup must rerun.
2021-07-19 16:59:48,793:INFO:Creating global containers
2021-07-19 17:00:37,288:INFO:PyCaret Supervised Module
2021-07-19 17:00:37,290:INFO:ML Usecase: classification
2021-07-19 17:00:37,290:INFO:version 2.2.2
2021-07-19 17:00:37,290:INFO:Initializing setup()
2021-07-19 17:00:37,290:INFO:setup(target=workout_type, ml_usecase=classification, available_plots={'parameter': 'Hyperparameters', 'auc': 'AUC', 'confusion_matrix': 'Confusion Matrix', 'threshold': 'Threshold', 'pr': 'Precision Recall', 'error': 'Prediction Error', 'class_report': 'Class Report', 'rfe': 'Feature Selection', 'learning': 'Learning Curve', 'manifold': 'Manifold Learning', 'calibration': 'Calibration Curve', 'vc': 'Validation Curve', 'dimension': 'Dimensions', 'feature': 'Feature Importance', 'feature_all': 'Feature Importance (All)', 'boundary': 'Decision Boundary', 'lift': 'Lift Chart', 'gain': 'Gain Chart', 'tree': 'Decision Tree'}, train_size=0.7, test_data=None, preprocess=True, imputation_type=simple, iterative_imputation_iters=5, categorical_features=None, categorical_imputation=constant, categorical_iterative_imputer=lightgbm, ordinal_features=None, high_cardinality_features=None, high_cardinality_method=frequency, numeric_features=None, numeric_imputation=mean, numeric_iterative_imputer=lightgbm, date_features=None, ignore_features=None, normalize=False, normalize_method=zscore, transformation=False, transformation_method=yeo-johnson, handle_unknown_categorical=True, unknown_categorical_method=least_frequent, pca=False, pca_method=linear, pca_components=None, ignore_low_variance=False, combine_rare_levels=False, rare_level_threshold=0.1, bin_numeric_features=None, remove_outliers=False, outliers_threshold=0.05, remove_multicollinearity=False, multicollinearity_threshold=0.9, remove_perfect_collinearity=True, create_clusters=False, cluster_iter=20, polynomial_features=False, polynomial_degree=2, trigonometry_features=False, polynomial_threshold=0.1, group_features=None, group_names=None, feature_selection=False, feature_selection_threshold=0.8, feature_selection_method=classic, feature_interaction=False, feature_ratio=False, interaction_threshold=0.01, fix_imbalance=False, fix_imbalance_method=None, transform_target=False, transform_target_method=box-cox, data_split_shuffle=False, data_split_stratify=False, fold_strategy=stratifiedkfold, fold=10, fold_shuffle=False, fold_groups=None, n_jobs=-1, use_gpu=False, custom_pipeline=None, html=True, session_id=2, log_experiment=False, experiment_name=None, log_plots=False, log_profile=False, log_data=False, silent=False, verbose=True, profile=False, profile_kwargs=None, display=None)
2021-07-19 17:00:37,290:INFO:Checking environment
2021-07-19 17:00:37,291:INFO:python_version: 3.9.5
2021-07-19 17:00:37,291:INFO:python_build: ('default', 'May 18 2021 12:31:01')
2021-07-19 17:00:37,291:INFO:machine: x86_64
2021-07-19 17:00:37,299:INFO:platform: macOS-10.16-x86_64-i386-64bit
2021-07-19 17:00:37,320:WARNING:cannot find psutil installation. memory not traceable. Install psutil using pip to enable memory logging.
2021-07-19 17:00:37,321:INFO:Checking libraries
2021-07-19 17:00:37,321:INFO:pd==1.2.4
2021-07-19 17:00:37,321:INFO:numpy==1.20.3
2021-07-19 17:00:37,321:INFO:sklearn==0.24.2
2021-07-19 17:00:37,321:INFO:xgboost==1.4.2
2021-07-19 17:00:37,321:INFO:lightgbm==3.2.1
2021-07-19 17:00:37,321:INFO:catboost==0.26
2021-07-19 17:00:37,321:INFO:mlflow==1.19.0
2021-07-19 17:00:37,321:INFO:Checking Exceptions
2021-07-19 17:00:37,321:INFO:Declaring global variables
2021-07-19 17:00:37,321:INFO:USI: e54d
2021-07-19 17:00:37,322:INFO:pycaret_globals: {'_all_metrics', 'prep_pipe', 'fold_generator', 'transform_target_param', 'transform_target_method_param', 'X', 'master_model_container', 'create_model_container', 'log_plots_param', 'fold_shuffle_param', '_all_models_internal', 'imputation_regressor', 'USI', 'y', '_available_plots', 'fold_param', 'display_container', 'imputation_classifier', 'target_param', '_internal_pipeline', 'stratify_param', 'data_before_preprocess', 'X_train', 'experiment__', 'pycaret_globals', 'n_jobs_param', 'iterative_imputation_iters_param', 'X_test', 'y_train', 'seed', 'y_test', 'fix_imbalance_method_param', 'exp_name_log', '_all_models', '_ml_usecase', 'logging_param', 'fix_imbalance_param', 'fold_groups_param', 'html_param', '_gpu_n_jobs_param', 'gpu_param'}
2021-07-19 17:00:37,322:INFO:Preparing display monitor
2021-07-19 17:00:37,322:INFO:Preparing display monitor
2021-07-19 17:00:37,351:INFO:Importing libraries
2021-07-19 17:00:37,351:INFO:Copying data for preprocessing
2021-07-19 17:00:37,380:INFO:Declaring preprocessing parameters
2021-07-19 17:00:37,382:INFO:Creating preprocessing pipeline
2021-07-19 17:00:37,468:INFO:Preprocessing pipeline created successfully
2021-07-19 17:00:37,468:ERROR:(Process Exit): setup has been interupted with user command 'quit'. setup must rerun.
2021-07-19 17:00:37,468:INFO:Creating global containers
2021-07-19 17:01:38,635:INFO:PyCaret Supervised Module
2021-07-19 17:01:38,637:INFO:ML Usecase: classification
2021-07-19 17:01:38,637:INFO:version 2.2.2
2021-07-19 17:01:38,637:INFO:Initializing setup()
2021-07-19 17:01:38,637:INFO:setup(target=workout_type, ml_usecase=classification, available_plots={'parameter': 'Hyperparameters', 'auc': 'AUC', 'confusion_matrix': 'Confusion Matrix', 'threshold': 'Threshold', 'pr': 'Precision Recall', 'error': 'Prediction Error', 'class_report': 'Class Report', 'rfe': 'Feature Selection', 'learning': 'Learning Curve', 'manifold': 'Manifold Learning', 'calibration': 'Calibration Curve', 'vc': 'Validation Curve', 'dimension': 'Dimensions', 'feature': 'Feature Importance', 'feature_all': 'Feature Importance (All)', 'boundary': 'Decision Boundary', 'lift': 'Lift Chart', 'gain': 'Gain Chart', 'tree': 'Decision Tree'}, train_size=0.7, test_data=None, preprocess=True, imputation_type=simple, iterative_imputation_iters=5, categorical_features=None, categorical_imputation=constant, categorical_iterative_imputer=lightgbm, ordinal_features=None, high_cardinality_features=None, high_cardinality_method=frequency, numeric_features=None, numeric_imputation=mean, numeric_iterative_imputer=lightgbm, date_features=None, ignore_features=None, normalize=False, normalize_method=zscore, transformation=False, transformation_method=yeo-johnson, handle_unknown_categorical=True, unknown_categorical_method=least_frequent, pca=False, pca_method=linear, pca_components=None, ignore_low_variance=False, combine_rare_levels=False, rare_level_threshold=0.1, bin_numeric_features=None, remove_outliers=False, outliers_threshold=0.05, remove_multicollinearity=False, multicollinearity_threshold=0.9, remove_perfect_collinearity=True, create_clusters=False, cluster_iter=20, polynomial_features=False, polynomial_degree=2, trigonometry_features=False, polynomial_threshold=0.1, group_features=None, group_names=None, feature_selection=False, feature_selection_threshold=0.8, feature_selection_method=classic, feature_interaction=False, feature_ratio=False, interaction_threshold=0.01, fix_imbalance=False, fix_imbalance_method=None, transform_target=False, transform_target_method=box-cox, data_split_shuffle=False, data_split_stratify=False, fold_strategy=stratifiedkfold, fold=10, fold_shuffle=False, fold_groups=None, n_jobs=-1, use_gpu=False, custom_pipeline=None, html=True, session_id=2, log_experiment=False, experiment_name=None, log_plots=False, log_profile=False, log_data=False, silent=False, verbose=True, profile=False, profile_kwargs=None, display=None)
2021-07-19 17:01:38,637:INFO:Checking environment
2021-07-19 17:01:38,637:INFO:python_version: 3.9.5
2021-07-19 17:01:38,638:INFO:python_build: ('default', 'May 18 2021 12:31:01')
2021-07-19 17:01:38,638:INFO:machine: x86_64
2021-07-19 17:01:38,638:INFO:platform: macOS-10.16-x86_64-i386-64bit
2021-07-19 17:01:38,653:WARNING:cannot find psutil installation. memory not traceable. Install psutil using pip to enable memory logging.
2021-07-19 17:01:38,653:INFO:Checking libraries
2021-07-19 17:01:38,653:INFO:pd==1.2.4
2021-07-19 17:01:38,653:INFO:numpy==1.20.3
2021-07-19 17:01:38,653:INFO:sklearn==0.24.2
2021-07-19 17:01:38,654:INFO:xgboost==1.4.2
2021-07-19 17:01:38,654:INFO:lightgbm==3.2.1
2021-07-19 17:01:38,654:INFO:catboost==0.26
2021-07-19 17:01:38,654:INFO:mlflow==1.19.0
2021-07-19 17:01:38,654:INFO:Checking Exceptions
2021-07-19 17:01:38,655:INFO:Declaring global variables
2021-07-19 17:01:38,655:INFO:USI: 6385
2021-07-19 17:01:38,655:INFO:pycaret_globals: {'_all_metrics', 'prep_pipe', 'fold_generator', 'transform_target_param', 'transform_target_method_param', 'X', 'master_model_container', 'create_model_container', 'log_plots_param', 'fold_shuffle_param', '_all_models_internal', 'imputation_regressor', 'USI', 'y', '_available_plots', 'fold_param', 'display_container', 'imputation_classifier', 'target_param', '_internal_pipeline', 'stratify_param', 'data_before_preprocess', 'X_train', 'experiment__', 'pycaret_globals', 'n_jobs_param', 'iterative_imputation_iters_param', 'X_test', 'y_train', 'seed', 'y_test', 'fix_imbalance_method_param', 'exp_name_log', '_all_models', '_ml_usecase', 'logging_param', 'fix_imbalance_param', 'fold_groups_param', 'html_param', '_gpu_n_jobs_param', 'gpu_param'}
2021-07-19 17:01:38,655:INFO:Preparing display monitor
2021-07-19 17:01:38,655:INFO:Preparing display monitor
2021-07-19 17:01:38,712:INFO:Importing libraries
2021-07-19 17:01:38,712:INFO:Copying data for preprocessing
2021-07-19 17:01:38,740:INFO:Declaring preprocessing parameters
2021-07-19 17:01:38,743:INFO:Creating preprocessing pipeline
2021-07-19 17:01:38,802:INFO:Preprocessing pipeline created successfully
2021-07-19 17:01:38,803:ERROR:(Process Exit): setup has been interupted with user command 'quit'. setup must rerun.
2021-07-19 17:01:38,803:INFO:Creating global containers
2021-07-19 17:01:45,835:INFO:PyCaret Supervised Module
2021-07-19 17:01:45,836:INFO:ML Usecase: classification
2021-07-19 17:01:45,836:INFO:version 2.2.2
2021-07-19 17:01:45,836:INFO:Initializing setup()
2021-07-19 17:01:45,836:INFO:setup(target=workout_type, ml_usecase=classification, available_plots={'parameter': 'Hyperparameters', 'auc': 'AUC', 'confusion_matrix': 'Confusion Matrix', 'threshold': 'Threshold', 'pr': 'Precision Recall', 'error': 'Prediction Error', 'class_report': 'Class Report', 'rfe': 'Feature Selection', 'learning': 'Learning Curve', 'manifold': 'Manifold Learning', 'calibration': 'Calibration Curve', 'vc': 'Validation Curve', 'dimension': 'Dimensions', 'feature': 'Feature Importance', 'feature_all': 'Feature Importance (All)', 'boundary': 'Decision Boundary', 'lift': 'Lift Chart', 'gain': 'Gain Chart', 'tree': 'Decision Tree'}, train_size=0.7, test_data=None, preprocess=True, imputation_type=simple, iterative_imputation_iters=5, categorical_features=None, categorical_imputation=constant, categorical_iterative_imputer=lightgbm, ordinal_features=None, high_cardinality_features=None, high_cardinality_method=frequency, numeric_features=None, numeric_imputation=mean, numeric_iterative_imputer=lightgbm, date_features=None, ignore_features=None, normalize=False, normalize_method=zscore, transformation=False, transformation_method=yeo-johnson, handle_unknown_categorical=True, unknown_categorical_method=least_frequent, pca=False, pca_method=linear, pca_components=None, ignore_low_variance=False, combine_rare_levels=False, rare_level_threshold=0.1, bin_numeric_features=None, remove_outliers=False, outliers_threshold=0.05, remove_multicollinearity=False, multicollinearity_threshold=0.9, remove_perfect_collinearity=True, create_clusters=False, cluster_iter=20, polynomial_features=False, polynomial_degree=2, trigonometry_features=False, polynomial_threshold=0.1, group_features=None, group_names=None, feature_selection=False, feature_selection_threshold=0.8, feature_selection_method=classic, feature_interaction=False, feature_ratio=False, interaction_threshold=0.01, fix_imbalance=False, fix_imbalance_method=None, transform_target=False, transform_target_method=box-cox, data_split_shuffle=False, data_split_stratify=False, fold_strategy=stratifiedkfold, fold=10, fold_shuffle=False, fold_groups=None, n_jobs=-1, use_gpu=False, custom_pipeline=None, html=True, session_id=2, log_experiment=False, experiment_name=None, log_plots=False, log_profile=False, log_data=False, silent=False, verbose=True, profile=False, profile_kwargs=None, display=None)
2021-07-19 17:01:45,836:INFO:Checking environment
2021-07-19 17:01:45,836:INFO:python_version: 3.9.5
2021-07-19 17:01:45,837:INFO:python_build: ('default', 'May 18 2021 12:31:01')
2021-07-19 17:01:45,837:INFO:machine: x86_64
2021-07-19 17:01:45,837:INFO:platform: macOS-10.16-x86_64-i386-64bit
2021-07-19 17:01:45,871:WARNING:cannot find psutil installation. memory not traceable. Install psutil using pip to enable memory logging.
2021-07-19 17:01:45,871:INFO:Checking libraries
2021-07-19 17:01:45,871:INFO:pd==1.2.4
2021-07-19 17:01:45,871:INFO:numpy==1.20.3
2021-07-19 17:01:45,872:INFO:sklearn==0.24.2
2021-07-19 17:01:45,872:INFO:xgboost==1.4.2
2021-07-19 17:01:45,872:INFO:lightgbm==3.2.1
2021-07-19 17:01:45,872:INFO:catboost==0.26
2021-07-19 17:01:45,872:INFO:mlflow==1.19.0
2021-07-19 17:01:45,872:INFO:Checking Exceptions
2021-07-19 17:01:45,873:INFO:Declaring global variables
2021-07-19 17:01:45,873:INFO:USI: 0219
2021-07-19 17:01:45,873:INFO:pycaret_globals: {'_all_metrics', 'prep_pipe', 'fold_generator', 'transform_target_param', 'transform_target_method_param', 'X', 'master_model_container', 'create_model_container', 'log_plots_param', 'fold_shuffle_param', '_all_models_internal', 'imputation_regressor', 'USI', 'y', '_available_plots', 'fold_param', 'display_container', 'imputation_classifier', 'target_param', '_internal_pipeline', 'stratify_param', 'data_before_preprocess', 'X_train', 'experiment__', 'pycaret_globals', 'n_jobs_param', 'iterative_imputation_iters_param', 'X_test', 'y_train', 'seed', 'y_test', 'fix_imbalance_method_param', 'exp_name_log', '_all_models', '_ml_usecase', 'logging_param', 'fix_imbalance_param', 'fold_groups_param', 'html_param', '_gpu_n_jobs_param', 'gpu_param'}
2021-07-19 17:01:45,873:INFO:Preparing display monitor
2021-07-19 17:01:45,873:INFO:Preparing display monitor
2021-07-19 17:01:45,906:INFO:Importing libraries
2021-07-19 17:01:45,906:INFO:Copying data for preprocessing
2021-07-19 17:01:45,936:INFO:Declaring preprocessing parameters
2021-07-19 17:01:45,941:INFO:Creating preprocessing pipeline
2021-07-19 17:01:45,970:INFO:Preprocessing pipeline created successfully
2021-07-19 17:01:45,970:ERROR:(Process Exit): setup has been interupted with user command 'quit'. setup must rerun.
2021-07-19 17:01:45,970:INFO:Creating global containers
2021-07-19 17:02:17,019:INFO:PyCaret Supervised Module
2021-07-19 17:02:17,019:INFO:ML Usecase: classification
2021-07-19 17:02:17,020:INFO:version 2.2.2
2021-07-19 17:02:17,020:INFO:Initializing setup()
2021-07-19 17:02:17,020:INFO:setup(target=workout_type, ml_usecase=classification, available_plots={'parameter': 'Hyperparameters', 'auc': 'AUC', 'confusion_matrix': 'Confusion Matrix', 'threshold': 'Threshold', 'pr': 'Precision Recall', 'error': 'Prediction Error', 'class_report': 'Class Report', 'rfe': 'Feature Selection', 'learning': 'Learning Curve', 'manifold': 'Manifold Learning', 'calibration': 'Calibration Curve', 'vc': 'Validation Curve', 'dimension': 'Dimensions', 'feature': 'Feature Importance', 'feature_all': 'Feature Importance (All)', 'boundary': 'Decision Boundary', 'lift': 'Lift Chart', 'gain': 'Gain Chart', 'tree': 'Decision Tree'}, train_size=0.7, test_data=None, preprocess=True, imputation_type=simple, iterative_imputation_iters=5, categorical_features=None, categorical_imputation=constant, categorical_iterative_imputer=lightgbm, ordinal_features=None, high_cardinality_features=None, high_cardinality_method=frequency, numeric_features=None, numeric_imputation=mean, numeric_iterative_imputer=lightgbm, date_features=None, ignore_features=None, normalize=False, normalize_method=zscore, transformation=False, transformation_method=yeo-johnson, handle_unknown_categorical=True, unknown_categorical_method=least_frequent, pca=False, pca_method=linear, pca_components=None, ignore_low_variance=False, combine_rare_levels=False, rare_level_threshold=0.1, bin_numeric_features=None, remove_outliers=False, outliers_threshold=0.05, remove_multicollinearity=False, multicollinearity_threshold=0.9, remove_perfect_collinearity=True, create_clusters=False, cluster_iter=20, polynomial_features=False, polynomial_degree=2, trigonometry_features=False, polynomial_threshold=0.1, group_features=None, group_names=None, feature_selection=False, feature_selection_threshold=0.8, feature_selection_method=classic, feature_interaction=False, feature_ratio=False, interaction_threshold=0.01, fix_imbalance=False, fix_imbalance_method=None, transform_target=False, transform_target_method=box-cox, data_split_shuffle=True, data_split_stratify=False, fold_strategy=stratifiedkfold, fold=10, fold_shuffle=False, fold_groups=None, n_jobs=-1, use_gpu=False, custom_pipeline=None, html=True, session_id=None, log_experiment=False, experiment_name=None, log_plots=False, log_profile=False, log_data=False, silent=False, verbose=True, profile=False, profile_kwargs=None, display=None)
2021-07-19 17:02:17,020:INFO:Checking environment
2021-07-19 17:02:17,020:INFO:python_version: 3.9.5
2021-07-19 17:02:17,020:INFO:python_build: ('default', 'May 18 2021 12:31:01')
2021-07-19 17:02:17,020:INFO:machine: x86_64
2021-07-19 17:02:17,020:INFO:platform: macOS-10.16-x86_64-i386-64bit
2021-07-19 17:02:17,036:WARNING:cannot find psutil installation. memory not traceable. Install psutil using pip to enable memory logging.
2021-07-19 17:02:17,037:INFO:Checking libraries
2021-07-19 17:02:17,037:INFO:pd==1.2.4
2021-07-19 17:02:17,037:INFO:numpy==1.20.3
2021-07-19 17:02:17,037:INFO:sklearn==0.24.2
2021-07-19 17:02:17,037:INFO:xgboost==1.4.2
2021-07-19 17:02:17,037:INFO:lightgbm==3.2.1
2021-07-19 17:02:17,037:INFO:catboost==0.26
2021-07-19 17:02:17,037:INFO:mlflow==1.19.0
2021-07-19 17:02:17,037:INFO:Checking Exceptions
2021-07-19 17:02:17,037:INFO:Declaring global variables
2021-07-19 17:02:17,037:INFO:USI: bfb5
2021-07-19 17:02:17,037:INFO:pycaret_globals: {'_all_metrics', 'prep_pipe', 'fold_generator', 'transform_target_param', 'transform_target_method_param', 'X', 'master_model_container', 'create_model_container', 'log_plots_param', 'fold_shuffle_param', '_all_models_internal', 'imputation_regressor', 'USI', 'y', '_available_plots', 'fold_param', 'display_container', 'imputation_classifier', 'target_param', '_internal_pipeline', 'stratify_param', 'data_before_preprocess', 'X_train', 'experiment__', 'pycaret_globals', 'n_jobs_param', 'iterative_imputation_iters_param', 'X_test', 'y_train', 'seed', 'y_test', 'fix_imbalance_method_param', 'exp_name_log', '_all_models', '_ml_usecase', 'logging_param', 'fix_imbalance_param', 'fold_groups_param', 'html_param', '_gpu_n_jobs_param', 'gpu_param'}
2021-07-19 17:02:17,037:INFO:Preparing display monitor
2021-07-19 17:02:17,038:INFO:Preparing display monitor
2021-07-19 17:02:17,106:INFO:Importing libraries
2021-07-19 17:02:17,106:INFO:Copying data for preprocessing
2021-07-19 17:02:17,127:INFO:Declaring preprocessing parameters
2021-07-19 17:02:17,128:INFO:Creating preprocessing pipeline
2021-07-19 17:02:17,142:INFO:Preprocessing pipeline created successfully
2021-07-19 17:02:17,142:ERROR:(Process Exit): setup has been interupted with user command 'quit'. setup must rerun.
2021-07-19 17:02:17,142:INFO:Creating global containers
2021-07-19 17:04:46,938:INFO:PyCaret Supervised Module
2021-07-19 17:04:46,940:INFO:ML Usecase: classification
2021-07-19 17:04:46,940:INFO:version 2.2.2
2021-07-19 17:04:46,941:INFO:Initializing setup()
2021-07-19 17:04:46,941:INFO:setup(target=workout_type, ml_usecase=classification, available_plots={'parameter': 'Hyperparameters', 'auc': 'AUC', 'confusion_matrix': 'Confusion Matrix', 'threshold': 'Threshold', 'pr': 'Precision Recall', 'error': 'Prediction Error', 'class_report': 'Class Report', 'rfe': 'Feature Selection', 'learning': 'Learning Curve', 'manifold': 'Manifold Learning', 'calibration': 'Calibration Curve', 'vc': 'Validation Curve', 'dimension': 'Dimensions', 'feature': 'Feature Importance', 'feature_all': 'Feature Importance (All)', 'boundary': 'Decision Boundary', 'lift': 'Lift Chart', 'gain': 'Gain Chart', 'tree': 'Decision Tree'}, train_size=0.7, test_data=None, preprocess=True, imputation_type=simple, iterative_imputation_iters=5, categorical_features=None, categorical_imputation=constant, categorical_iterative_imputer=lightgbm, ordinal_features=None, high_cardinality_features=None, high_cardinality_method=frequency, numeric_features=None, numeric_imputation=mean, numeric_iterative_imputer=lightgbm, date_features=None, ignore_features=None, normalize=False, normalize_method=zscore, transformation=False, transformation_method=yeo-johnson, handle_unknown_categorical=True, unknown_categorical_method=least_frequent, pca=False, pca_method=linear, pca_components=None, ignore_low_variance=False, combine_rare_levels=False, rare_level_threshold=0.1, bin_numeric_features=None, remove_outliers=False, outliers_threshold=0.05, remove_multicollinearity=False, multicollinearity_threshold=0.9, remove_perfect_collinearity=True, create_clusters=False, cluster_iter=20, polynomial_features=False, polynomial_degree=2, trigonometry_features=False, polynomial_threshold=0.1, group_features=None, group_names=None, feature_selection=False, feature_selection_threshold=0.8, feature_selection_method=classic, feature_interaction=False, feature_ratio=False, interaction_threshold=0.01, fix_imbalance=False, fix_imbalance_method=None, transform_target=False, transform_target_method=box-cox, data_split_shuffle=True, data_split_stratify=False, fold_strategy=stratifiedkfold, fold=10, fold_shuffle=False, fold_groups=None, n_jobs=-1, use_gpu=False, custom_pipeline=None, html=True, session_id=None, log_experiment=False, experiment_name=None, log_plots=False, log_profile=False, log_data=False, silent=False, verbose=True, profile=False, profile_kwargs=None, display=None)
2021-07-19 17:04:46,941:INFO:Checking environment
2021-07-19 17:04:46,941:INFO:python_version: 3.9.5
2021-07-19 17:04:46,941:INFO:python_build: ('default', 'May 18 2021 12:31:01')
2021-07-19 17:04:46,941:INFO:machine: x86_64
2021-07-19 17:04:46,942:INFO:platform: macOS-10.16-x86_64-i386-64bit
2021-07-19 17:04:46,943:WARNING:cannot find psutil installation. memory not traceable. Install psutil using pip to enable memory logging.
2021-07-19 17:04:46,944:INFO:Checking libraries
2021-07-19 17:04:46,944:INFO:pd==1.2.4
2021-07-19 17:04:46,944:INFO:numpy==1.20.3
2021-07-19 17:04:46,944:INFO:sklearn==0.24.2
2021-07-19 17:04:46,944:INFO:xgboost==1.4.2
2021-07-19 17:04:46,944:INFO:lightgbm==3.2.1
2021-07-19 17:04:46,944:INFO:catboost==0.26
2021-07-19 17:04:46,944:INFO:mlflow==1.19.0
2021-07-19 17:04:46,944:INFO:Checking Exceptions
2021-07-19 17:04:46,944:INFO:Declaring global variables
2021-07-19 17:04:46,944:INFO:USI: 9379
2021-07-19 17:04:46,944:INFO:pycaret_globals: {'_all_metrics', 'prep_pipe', 'fold_generator', 'transform_target_param', 'transform_target_method_param', 'X', 'master_model_container', 'create_model_container', 'log_plots_param', 'fold_shuffle_param', '_all_models_internal', 'imputation_regressor', 'USI', 'y', '_available_plots', 'fold_param', 'display_container', 'imputation_classifier', 'target_param', '_internal_pipeline', 'stratify_param', 'data_before_preprocess', 'X_train', 'experiment__', 'pycaret_globals', 'n_jobs_param', 'iterative_imputation_iters_param', 'X_test', 'y_train', 'seed', 'y_test', 'fix_imbalance_method_param', 'exp_name_log', '_all_models', '_ml_usecase', 'logging_param', 'fix_imbalance_param', 'fold_groups_param', 'html_param', '_gpu_n_jobs_param', 'gpu_param'}
2021-07-19 17:04:46,945:INFO:Preparing display monitor
2021-07-19 17:04:46,945:INFO:Preparing display monitor
2021-07-19 17:04:46,977:INFO:Importing libraries
2021-07-19 17:04:46,978:INFO:Copying data for preprocessing
2021-07-19 17:04:47,005:INFO:Declaring preprocessing parameters
2021-07-19 17:04:47,007:INFO:Creating preprocessing pipeline
2021-07-19 17:04:47,026:INFO:Preprocessing pipeline created successfully
2021-07-19 17:04:47,026:ERROR:(Process Exit): setup has been interupted with user command 'quit'. setup must rerun.
2021-07-19 17:04:47,027:INFO:Creating global containers
2021-07-19 17:05:23,420:INFO:PyCaret Supervised Module
2021-07-19 17:05:23,420:INFO:ML Usecase: classification
2021-07-19 17:05:23,421:INFO:version 2.2.2
2021-07-19 17:05:23,421:INFO:Initializing setup()
2021-07-19 17:05:23,421:INFO:setup(target=workout_type, ml_usecase=classification, available_plots={'parameter': 'Hyperparameters', 'auc': 'AUC', 'confusion_matrix': 'Confusion Matrix', 'threshold': 'Threshold', 'pr': 'Precision Recall', 'error': 'Prediction Error', 'class_report': 'Class Report', 'rfe': 'Feature Selection', 'learning': 'Learning Curve', 'manifold': 'Manifold Learning', 'calibration': 'Calibration Curve', 'vc': 'Validation Curve', 'dimension': 'Dimensions', 'feature': 'Feature Importance', 'feature_all': 'Feature Importance (All)', 'boundary': 'Decision Boundary', 'lift': 'Lift Chart', 'gain': 'Gain Chart', 'tree': 'Decision Tree'}, train_size=0.7, test_data=None, preprocess=True, imputation_type=simple, iterative_imputation_iters=5, categorical_features=None, categorical_imputation=constant, categorical_iterative_imputer=lightgbm, ordinal_features=None, high_cardinality_features=None, high_cardinality_method=frequency, numeric_features=None, numeric_imputation=mean, numeric_iterative_imputer=lightgbm, date_features=None, ignore_features=None, normalize=False, normalize_method=zscore, transformation=False, transformation_method=yeo-johnson, handle_unknown_categorical=True, unknown_categorical_method=least_frequent, pca=False, pca_method=linear, pca_components=None, ignore_low_variance=False, combine_rare_levels=False, rare_level_threshold=0.1, bin_numeric_features=None, remove_outliers=False, outliers_threshold=0.05, remove_multicollinearity=False, multicollinearity_threshold=0.9, remove_perfect_collinearity=True, create_clusters=False, cluster_iter=20, polynomial_features=False, polynomial_degree=2, trigonometry_features=False, polynomial_threshold=0.1, group_features=None, group_names=None, feature_selection=False, feature_selection_threshold=0.8, feature_selection_method=classic, feature_interaction=False, feature_ratio=False, interaction_threshold=0.01, fix_imbalance=False, fix_imbalance_method=None, transform_target=False, transform_target_method=box-cox, data_split_shuffle=True, data_split_stratify=False, fold_strategy=stratifiedkfold, fold=10, fold_shuffle=False, fold_groups=None, n_jobs=-1, use_gpu=False, custom_pipeline=None, html=True, session_id=None, log_experiment=False, experiment_name=None, log_plots=False, log_profile=False, log_data=False, silent=False, verbose=True, profile=False, profile_kwargs=None, display=None)
2021-07-19 17:05:23,427:INFO:Checking environment
2021-07-19 17:05:23,428:INFO:python_version: 3.9.5
2021-07-19 17:05:23,428:INFO:python_build: ('default', 'May 18 2021 12:31:01')
2021-07-19 17:05:23,428:INFO:machine: x86_64
2021-07-19 17:05:23,428:INFO:platform: macOS-10.16-x86_64-i386-64bit
2021-07-19 17:05:23,431:WARNING:cannot find psutil installation. memory not traceable. Install psutil using pip to enable memory logging.
2021-07-19 17:05:23,431:INFO:Checking libraries
2021-07-19 17:05:23,432:INFO:pd==1.2.4
2021-07-19 17:05:23,432:INFO:numpy==1.20.3
2021-07-19 17:05:23,432:INFO:sklearn==0.24.2
2021-07-19 17:05:23,432:INFO:xgboost==1.4.2
2021-07-19 17:05:23,432:INFO:lightgbm==3.2.1
2021-07-19 17:05:23,432:INFO:catboost==0.26
2021-07-19 17:05:23,432:INFO:mlflow==1.19.0
2021-07-19 17:05:23,432:INFO:Checking Exceptions
2021-07-19 17:05:23,432:INFO:Declaring global variables
2021-07-19 17:05:23,432:INFO:USI: b54a
2021-07-19 17:05:23,432:INFO:pycaret_globals: {'_all_metrics', 'prep_pipe', 'fold_generator', 'transform_target_param', 'transform_target_method_param', 'X', 'master_model_container', 'create_model_container', 'log_plots_param', 'fold_shuffle_param', '_all_models_internal', 'imputation_regressor', 'USI', 'y', '_available_plots', 'fold_param', 'display_container', 'imputation_classifier', 'target_param', '_internal_pipeline', 'stratify_param', 'data_before_preprocess', 'X_train', 'experiment__', 'pycaret_globals', 'n_jobs_param', 'iterative_imputation_iters_param', 'X_test', 'y_train', 'seed', 'y_test', 'fix_imbalance_method_param', 'exp_name_log', '_all_models', '_ml_usecase', 'logging_param', 'fix_imbalance_param', 'fold_groups_param', 'html_param', '_gpu_n_jobs_param', 'gpu_param'}
2021-07-19 17:05:23,432:INFO:Preparing display monitor
2021-07-19 17:05:23,433:INFO:Preparing display monitor
2021-07-19 17:05:23,457:INFO:Importing libraries
2021-07-19 17:05:23,457:INFO:Copying data for preprocessing
2021-07-19 17:05:23,473:INFO:Declaring preprocessing parameters
2021-07-19 17:05:23,475:INFO:Creating preprocessing pipeline
2021-07-19 17:05:23,494:INFO:Preprocessing pipeline created successfully
2021-07-19 17:05:23,494:ERROR:(Process Exit): setup has been interupted with user command 'quit'. setup must rerun.
2021-07-19 17:05:23,495:INFO:Creating global containers
2021-07-19 17:05:39,472:INFO:PyCaret Supervised Module
2021-07-19 17:05:39,486:INFO:ML Usecase: classification
2021-07-19 17:05:39,486:INFO:version 2.2.2
2021-07-19 17:05:39,486:INFO:Initializing setup()
2021-07-19 17:05:39,487:INFO:setup(target=workout_type, ml_usecase=classification, available_plots={'parameter': 'Hyperparameters', 'auc': 'AUC', 'confusion_matrix': 'Confusion Matrix', 'threshold': 'Threshold', 'pr': 'Precision Recall', 'error': 'Prediction Error', 'class_report': 'Class Report', 'rfe': 'Feature Selection', 'learning': 'Learning Curve', 'manifold': 'Manifold Learning', 'calibration': 'Calibration Curve', 'vc': 'Validation Curve', 'dimension': 'Dimensions', 'feature': 'Feature Importance', 'feature_all': 'Feature Importance (All)', 'boundary': 'Decision Boundary', 'lift': 'Lift Chart', 'gain': 'Gain Chart', 'tree': 'Decision Tree'}, train_size=0.7, test_data=None, preprocess=True, imputation_type=simple, iterative_imputation_iters=5, categorical_features=None, categorical_imputation=constant, categorical_iterative_imputer=lightgbm, ordinal_features=None, high_cardinality_features=None, high_cardinality_method=frequency, numeric_features=None, numeric_imputation=mean, numeric_iterative_imputer=lightgbm, date_features=None, ignore_features=None, normalize=False, normalize_method=zscore, transformation=False, transformation_method=yeo-johnson, handle_unknown_categorical=True, unknown_categorical_method=least_frequent, pca=False, pca_method=linear, pca_components=None, ignore_low_variance=False, combine_rare_levels=False, rare_level_threshold=0.1, bin_numeric_features=None, remove_outliers=False, outliers_threshold=0.05, remove_multicollinearity=False, multicollinearity_threshold=0.9, remove_perfect_collinearity=True, create_clusters=False, cluster_iter=20, polynomial_features=False, polynomial_degree=2, trigonometry_features=False, polynomial_threshold=0.1, group_features=None, group_names=None, feature_selection=False, feature_selection_threshold=0.8, feature_selection_method=classic, feature_interaction=False, feature_ratio=False, interaction_threshold=0.01, fix_imbalance=False, fix_imbalance_method=None, transform_target=False, transform_target_method=box-cox, data_split_shuffle=True, data_split_stratify=False, fold_strategy=stratifiedkfold, fold=10, fold_shuffle=True, fold_groups=None, n_jobs=-1, use_gpu=False, custom_pipeline=None, html=True, session_id=None, log_experiment=False, experiment_name=None, log_plots=False, log_profile=False, log_data=False, silent=False, verbose=True, profile=False, profile_kwargs=None, display=None)
2021-07-19 17:05:39,487:INFO:Checking environment
2021-07-19 17:05:39,487:INFO:python_version: 3.9.5
2021-07-19 17:05:39,488:INFO:python_build: ('default', 'May 18 2021 12:31:01')
2021-07-19 17:05:39,488:INFO:machine: x86_64
2021-07-19 17:05:39,489:INFO:platform: macOS-10.16-x86_64-i386-64bit
2021-07-19 17:05:39,523:WARNING:cannot find psutil installation. memory not traceable. Install psutil using pip to enable memory logging.
2021-07-19 17:05:39,523:INFO:Checking libraries
2021-07-19 17:05:39,523:INFO:pd==1.2.4
2021-07-19 17:05:39,524:INFO:numpy==1.20.3
2021-07-19 17:05:39,524:INFO:sklearn==0.24.2
2021-07-19 17:05:39,524:INFO:xgboost==1.4.2
2021-07-19 17:05:39,524:INFO:lightgbm==3.2.1
2021-07-19 17:05:39,524:INFO:catboost==0.26
2021-07-19 17:05:39,524:INFO:mlflow==1.19.0
2021-07-19 17:05:39,525:INFO:Checking Exceptions
2021-07-19 17:05:39,526:INFO:Declaring global variables
2021-07-19 17:05:39,526:INFO:USI: 54ea
2021-07-19 17:05:39,526:INFO:pycaret_globals: {'_all_metrics', 'prep_pipe', 'fold_generator', 'transform_target_param', 'transform_target_method_param', 'X', 'master_model_container', 'create_model_container', 'log_plots_param', 'fold_shuffle_param', '_all_models_internal', 'imputation_regressor', 'USI', 'y', '_available_plots', 'fold_param', 'display_container', 'imputation_classifier', 'target_param', '_internal_pipeline', 'stratify_param', 'data_before_preprocess', 'X_train', 'experiment__', 'pycaret_globals', 'n_jobs_param', 'iterative_imputation_iters_param', 'X_test', 'y_train', 'seed', 'y_test', 'fix_imbalance_method_param', 'exp_name_log', '_all_models', '_ml_usecase', 'logging_param', 'fix_imbalance_param', 'fold_groups_param', 'html_param', '_gpu_n_jobs_param', 'gpu_param'}
2021-07-19 17:05:39,526:INFO:Preparing display monitor
2021-07-19 17:05:39,526:INFO:Preparing display monitor
2021-07-19 17:05:39,580:INFO:Importing libraries
2021-07-19 17:05:39,581:INFO:Copying data for preprocessing
2021-07-19 17:05:39,596:INFO:Declaring preprocessing parameters
2021-07-19 17:05:39,601:INFO:Creating preprocessing pipeline
2021-07-19 17:05:39,623:INFO:Preprocessing pipeline created successfully
2021-07-19 17:05:39,623:ERROR:(Process Exit): setup has been interupted with user command 'quit'. setup must rerun.
2021-07-19 17:05:39,623:INFO:Creating global containers
2021-07-19 17:05:39,672:INFO:Internal pipeline: Pipeline(memory=None, steps=[('empty_step', 'passthrough')], verbose=False)
2021-07-19 17:05:50,408:INFO:Creating grid variables
2021-07-19 17:05:50,461:INFO:create_model_container: 0
2021-07-19 17:05:50,461:INFO:master_model_container: 0
2021-07-19 17:05:50,461:INFO:display_container: 0
2021-07-19 17:07:42,389:INFO:PyCaret Supervised Module
2021-07-19 17:07:42,390:INFO:ML Usecase: classification
2021-07-19 17:07:42,391:INFO:version 2.2.2
2021-07-19 17:07:42,391:INFO:Initializing setup()
2021-07-19 17:07:42,392:INFO:setup(target=workout_type, ml_usecase=classification, available_plots={'parameter': 'Hyperparameters', 'auc': 'AUC', 'confusion_matrix': 'Confusion Matrix', 'threshold': 'Threshold', 'pr': 'Precision Recall', 'error': 'Prediction Error', 'class_report': 'Class Report', 'rfe': 'Feature Selection', 'learning': 'Learning Curve', 'manifold': 'Manifold Learning', 'calibration': 'Calibration Curve', 'vc': 'Validation Curve', 'dimension': 'Dimensions', 'feature': 'Feature Importance', 'feature_all': 'Feature Importance (All)', 'boundary': 'Decision Boundary', 'lift': 'Lift Chart', 'gain': 'Gain Chart', 'tree': 'Decision Tree'}, train_size=0.7, test_data=None, preprocess=True, imputation_type=iterative, iterative_imputation_iters=5, categorical_features=None, categorical_imputation=constant, categorical_iterative_imputer=lightgbm, ordinal_features=None, high_cardinality_features=None, high_cardinality_method=frequency, numeric_features=None, numeric_imputation=mean, numeric_iterative_imputer=lightgbm, date_features=None, ignore_features=None, normalize=False, normalize_method=zscore, transformation=False, transformation_method=yeo-johnson, handle_unknown_categorical=True, unknown_categorical_method=least_frequent, pca=False, pca_method=linear, pca_components=None, ignore_low_variance=False, combine_rare_levels=False, rare_level_threshold=0.1, bin_numeric_features=None, remove_outliers=False, outliers_threshold=0.05, remove_multicollinearity=False, multicollinearity_threshold=0.9, remove_perfect_collinearity=True, create_clusters=False, cluster_iter=20, polynomial_features=False, polynomial_degree=2, trigonometry_features=False, polynomial_threshold=0.1, group_features=None, group_names=None, feature_selection=False, feature_selection_threshold=0.8, feature_selection_method=classic, feature_interaction=False, feature_ratio=False, interaction_threshold=0.01, fix_imbalance=False, fix_imbalance_method=None, transform_target=False, transform_target_method=box-cox, data_split_shuffle=True, data_split_stratify=False, fold_strategy=stratifiedkfold, fold=10, fold_shuffle=True, fold_groups=None, n_jobs=-1, use_gpu=False, custom_pipeline=None, html=True, session_id=None, log_experiment=False, experiment_name=None, log_plots=False, log_profile=False, log_data=False, silent=False, verbose=True, profile=False, profile_kwargs=None, display=None)
2021-07-19 17:07:42,392:INFO:Checking environment
2021-07-19 17:07:42,392:INFO:python_version: 3.9.5
2021-07-19 17:07:42,393:INFO:python_build: ('default', 'May 18 2021 12:31:01')
2021-07-19 17:07:42,394:INFO:machine: x86_64
2021-07-19 17:07:42,394:INFO:platform: macOS-10.16-x86_64-i386-64bit
2021-07-19 17:07:42,418:WARNING:cannot find psutil installation. memory not traceable. Install psutil using pip to enable memory logging.
2021-07-19 17:07:42,418:INFO:Checking libraries
2021-07-19 17:07:42,418:INFO:pd==1.2.4
2021-07-19 17:07:42,418:INFO:numpy==1.20.3
2021-07-19 17:07:42,418:INFO:sklearn==0.24.2
2021-07-19 17:07:42,419:INFO:xgboost==1.4.2
2021-07-19 17:07:42,419:INFO:lightgbm==3.2.1
2021-07-19 17:07:42,419:INFO:catboost==0.26
2021-07-19 17:07:42,419:INFO:mlflow==1.19.0
2021-07-19 17:07:42,419:INFO:Checking Exceptions
2021-07-19 17:07:42,419:INFO:Declaring global variables
2021-07-19 17:07:42,419:INFO:USI: cd49
2021-07-19 17:07:42,419:INFO:pycaret_globals: {'_all_metrics', 'prep_pipe', 'fold_generator', 'transform_target_param', 'transform_target_method_param', 'X', 'master_model_container', 'create_model_container', 'log_plots_param', 'fold_shuffle_param', '_all_models_internal', 'imputation_regressor', 'USI', 'y', '_available_plots', 'fold_param', 'display_container', 'imputation_classifier', 'target_param', '_internal_pipeline', 'stratify_param', 'data_before_preprocess', 'X_train', 'experiment__', 'pycaret_globals', 'n_jobs_param', 'iterative_imputation_iters_param', 'X_test', 'y_train', 'seed', 'y_test', 'fix_imbalance_method_param', 'exp_name_log', '_all_models', '_ml_usecase', 'logging_param', 'fix_imbalance_param', 'fold_groups_param', 'html_param', '_gpu_n_jobs_param', 'gpu_param'}
2021-07-19 17:07:42,419:INFO:Preparing display monitor
2021-07-19 17:07:42,419:INFO:Preparing display monitor
2021-07-19 17:07:42,444:INFO:Importing libraries
2021-07-19 17:07:42,444:INFO:Copying data for preprocessing
2021-07-19 17:07:42,462:INFO:Declaring preprocessing parameters
2021-07-19 17:07:42,464:INFO:Setting up iterative imputation
2021-07-19 17:07:44,069:INFO:Creating preprocessing pipeline
2021-07-19 17:07:44,110:INFO:Preprocessing pipeline created successfully
2021-07-19 17:07:44,112:ERROR:(Process Exit): setup has been interupted with user command 'quit'. setup must rerun.
2021-07-19 17:07:44,113:INFO:Creating global containers
2021-07-19 17:07:44,114:INFO:Internal pipeline: Pipeline(memory=None, steps=[('empty_step', 'passthrough')], verbose=False)
2021-07-19 17:07:46,876:INFO:Iterative Imputation: 1 cycle | average_heartrate
2021-07-19 17:07:48,727:INFO:Iterative Imputation: 1 cycle | max_heartrate
2021-07-19 17:07:49,607:INFO:Iterative Imputation: 2 cycle | average_heartrate
2021-07-19 17:07:50,463:INFO:Iterative Imputation: 2 cycle | max_heartrate
2021-07-19 17:07:51,470:INFO:Iterative Imputation: 3 cycle | average_heartrate
2021-07-19 17:07:52,363:INFO:Iterative Imputation: 3 cycle | max_heartrate
2021-07-19 17:07:53,180:INFO:Iterative Imputation: 4 cycle | average_heartrate
2021-07-19 17:07:54,198:INFO:Iterative Imputation: 4 cycle | max_heartrate
2021-07-19 17:07:55,451:INFO:Iterative Imputation: 5 cycle | average_heartrate
2021-07-19 17:07:56,108:INFO:Iterative Imputation: 5 cycle | max_heartrate
2021-07-19 17:07:56,835:INFO:Iterative Imputation: 1 cycle | average_heartrate
2021-07-19 17:07:57,629:INFO:Iterative Imputation: 1 cycle | max_heartrate
2021-07-19 17:07:58,318:INFO:Iterative Imputation: 2 cycle | average_heartrate
2021-07-19 17:07:58,860:INFO:Iterative Imputation: 2 cycle | max_heartrate
2021-07-19 17:07:59,390:INFO:Iterative Imputation: 3 cycle | average_heartrate
2021-07-19 17:07:59,909:INFO:Iterative Imputation: 3 cycle | max_heartrate
2021-07-19 17:08:00,417:INFO:Iterative Imputation: 4 cycle | average_heartrate
2021-07-19 17:08:00,914:INFO:Iterative Imputation: 4 cycle | max_heartrate
2021-07-19 17:08:01,420:INFO:Iterative Imputation: 5 cycle | average_heartrate
2021-07-19 17:08:01,923:INFO:Iterative Imputation: 5 cycle | max_heartrate
2021-07-19 17:08:02,470:INFO:Iterative Imputation: 1 cycle | average_heartrate
2021-07-19 17:08:02,971:INFO:Iterative Imputation: 1 cycle | max_heartrate
2021-07-19 17:08:03,476:INFO:Iterative Imputation: 2 cycle | average_heartrate
2021-07-19 17:08:04,020:INFO:Iterative Imputation: 2 cycle | max_heartrate
2021-07-19 17:08:04,540:INFO:Iterative Imputation: 3 cycle | average_heartrate
2021-07-19 17:08:05,079:INFO:Iterative Imputation: 3 cycle | max_heartrate
2021-07-19 17:08:05,826:INFO:Iterative Imputation: 4 cycle | average_heartrate
2021-07-19 17:08:06,375:INFO:Iterative Imputation: 4 cycle | max_heartrate
2021-07-19 17:08:06,913:INFO:Iterative Imputation: 5 cycle | average_heartrate
2021-07-19 17:08:07,452:INFO:Iterative Imputation: 5 cycle | max_heartrate
2021-07-19 17:08:08,212:INFO:Creating grid variables
2021-07-19 17:08:08,232:INFO:create_model_container: 0
2021-07-19 17:08:08,233:INFO:master_model_container: 0
2021-07-19 17:08:08,233:INFO:display_container: 0
2021-07-20 12:17:51,756:INFO:PyCaret Supervised Module
2021-07-20 12:17:51,757:INFO:ML Usecase: classification
2021-07-20 12:17:51,757:INFO:version 2.2.2
2021-07-20 12:17:51,757:INFO:Initializing setup()
2021-07-20 12:17:51,757:INFO:setup(target=workout_type, ml_usecase=classification, available_plots={'parameter': 'Hyperparameters', 'auc': 'AUC', 'confusion_matrix': 'Confusion Matrix', 'threshold': 'Threshold', 'pr': 'Precision Recall', 'error': 'Prediction Error', 'class_report': 'Class Report', 'rfe': 'Feature Selection', 'learning': 'Learning Curve', 'manifold': 'Manifold Learning', 'calibration': 'Calibration Curve', 'vc': 'Validation Curve', 'dimension': 'Dimensions', 'feature': 'Feature Importance', 'feature_all': 'Feature Importance (All)', 'boundary': 'Decision Boundary', 'lift': 'Lift Chart', 'gain': 'Gain Chart', 'tree': 'Decision Tree'}, train_size=0.7, test_data=None, preprocess=True, imputation_type=simple, iterative_imputation_iters=5, categorical_features=None, categorical_imputation=constant, categorical_iterative_imputer=lightgbm, ordinal_features=None, high_cardinality_features=None, high_cardinality_method=frequency, numeric_features=None, numeric_imputation=mean, numeric_iterative_imputer=lightgbm, date_features=None, ignore_features=None, normalize=False, normalize_method=zscore, transformation=False, transformation_method=yeo-johnson, handle_unknown_categorical=True, unknown_categorical_method=least_frequent, pca=False, pca_method=linear, pca_components=None, ignore_low_variance=False, combine_rare_levels=False, rare_level_threshold=0.1, bin_numeric_features=None, remove_outliers=False, outliers_threshold=0.05, remove_multicollinearity=False, multicollinearity_threshold=0.9, remove_perfect_collinearity=True, create_clusters=False, cluster_iter=20, polynomial_features=False, polynomial_degree=2, trigonometry_features=False, polynomial_threshold=0.1, group_features=None, group_names=None, feature_selection=False, feature_selection_threshold=0.8, feature_selection_method=classic, feature_interaction=False, feature_ratio=False, interaction_threshold=0.01, fix_imbalance=False, fix_imbalance_method=None, transform_target=False, transform_target_method=box-cox, data_split_shuffle=True, data_split_stratify=False, fold_strategy=stratifiedkfold, fold=10, fold_shuffle=False, fold_groups=None, n_jobs=-1, use_gpu=False, custom_pipeline=None, html=True, session_id=None, log_experiment=False, experiment_name=None, log_plots=False, log_profile=False, log_data=False, silent=False, verbose=True, profile=False, profile_kwargs=None, display=None)
2021-07-20 12:17:51,757:INFO:Checking environment
2021-07-20 12:17:51,757:INFO:python_version: 3.9.5
2021-07-20 12:17:51,757:INFO:python_build: ('default', 'May 18 2021 12:31:01')
2021-07-20 12:17:51,758:INFO:machine: x86_64
2021-07-20 12:17:51,921:INFO:platform: macOS-10.16-x86_64-i386-64bit
2021-07-20 12:17:51,923:WARNING:cannot find psutil installation. memory not traceable. Install psutil using pip to enable memory logging.
2021-07-20 12:17:51,923:INFO:Checking libraries
2021-07-20 12:17:51,923:INFO:pd==1.3.0
2021-07-20 12:17:51,923:INFO:numpy==1.19.5
2021-07-20 12:17:51,923:INFO:sklearn==0.24.2
2021-07-20 12:17:52,757:INFO:xgboost==1.4.2
2021-07-20 12:17:52,757:INFO:lightgbm==3.2.1
2021-07-20 12:17:54,985:INFO:catboost==0.26
2021-07-20 12:17:57,933:INFO:mlflow==1.19.0
2021-07-20 12:17:57,933:INFO:Checking Exceptions
2021-07-20 12:17:57,934:INFO:Declaring global variables
2021-07-20 12:17:57,934:INFO:USI: a7ea
2021-07-20 12:17:57,934:INFO:pycaret_globals: {'fold_generator', 'pycaret_globals', 'experiment__', 'gpu_param', 'prep_pipe', 'X', 'log_plots_param', 'transform_target_method_param', 'imputation_regressor', 'transform_target_param', 'fix_imbalance_method_param', 'y_test', '_all_models', 'fix_imbalance_param', 'X_train', '_all_models_internal', 'stratify_param', 'seed', '_gpu_n_jobs_param', '_internal_pipeline', 'target_param', 'fold_shuffle_param', 'y', 'fold_param', 'fold_groups_param', 'n_jobs_param', '_available_plots', 'X_test', 'display_container', '_all_metrics', 'exp_name_log', 'create_model_container', 'USI', 'data_before_preprocess', '_ml_usecase', 'y_train', 'logging_param', 'imputation_classifier', 'html_param', 'iterative_imputation_iters_param', 'master_model_container'}
2021-07-20 12:17:57,934:INFO:Preparing display monitor
2021-07-20 12:17:57,934:INFO:Preparing display monitor
2021-07-20 12:17:57,983:INFO:Importing libraries
2021-07-20 12:17:57,983:INFO:Copying data for preprocessing
2021-07-20 12:17:57,996:INFO:Declaring preprocessing parameters
2021-07-20 12:17:57,997:INFO:Creating preprocessing pipeline
2021-07-20 12:17:58,009:INFO:Preprocessing pipeline created successfully
2021-07-20 12:17:58,009:ERROR:(Process Exit): setup has been interupted with user command 'quit'. setup must rerun.
2021-07-20 12:17:58,010:INFO:Creating global containers
2021-07-20 12:20:49,189:INFO:PyCaret Supervised Module
2021-07-20 12:20:49,190:INFO:ML Usecase: classification
2021-07-20 12:20:49,190:INFO:version 2.2.2
2021-07-20 12:20:49,190:INFO:Initializing setup()
2021-07-20 12:20:49,190:INFO:setup(target=workout_type, ml_usecase=classification, available_plots={'parameter': 'Hyperparameters', 'auc': 'AUC', 'confusion_matrix': 'Confusion Matrix', 'threshold': 'Threshold', 'pr': 'Precision Recall', 'error': 'Prediction Error', 'class_report': 'Class Report', 'rfe': 'Feature Selection', 'learning': 'Learning Curve', 'manifold': 'Manifold Learning', 'calibration': 'Calibration Curve', 'vc': 'Validation Curve', 'dimension': 'Dimensions', 'feature': 'Feature Importance', 'feature_all': 'Feature Importance (All)', 'boundary': 'Decision Boundary', 'lift': 'Lift Chart', 'gain': 'Gain Chart', 'tree': 'Decision Tree'}, train_size=0.7, test_data=None, preprocess=True, imputation_type=simple, iterative_imputation_iters=5, categorical_features=None, categorical_imputation=constant, categorical_iterative_imputer=lightgbm, ordinal_features=None, high_cardinality_features=None, high_cardinality_method=frequency, numeric_features=None, numeric_imputation=mean, numeric_iterative_imputer=lightgbm, date_features=None, ignore_features=None, normalize=False, normalize_method=zscore, transformation=False, transformation_method=yeo-johnson, handle_unknown_categorical=True, unknown_categorical_method=least_frequent, pca=False, pca_method=linear, pca_components=None, ignore_low_variance=False, combine_rare_levels=False, rare_level_threshold=0.1, bin_numeric_features=None, remove_outliers=False, outliers_threshold=0.05, remove_multicollinearity=False, multicollinearity_threshold=0.9, remove_perfect_collinearity=True, create_clusters=False, cluster_iter=20, polynomial_features=False, polynomial_degree=2, trigonometry_features=False, polynomial_threshold=0.1, group_features=None, group_names=None, feature_selection=False, feature_selection_threshold=0.8, feature_selection_method=classic, feature_interaction=False, feature_ratio=False, interaction_threshold=0.01, fix_imbalance=False, fix_imbalance_method=None, transform_target=False, transform_target_method=box-cox, data_split_shuffle=True, data_split_stratify=False, fold_strategy=stratifiedkfold, fold=10, fold_shuffle=False, fold_groups=None, n_jobs=-1, use_gpu=False, custom_pipeline=None, html=True, session_id=None, log_experiment=False, experiment_name=None, log_plots=False, log_profile=False, log_data=False, silent=False, verbose=True, profile=False, profile_kwargs=None, display=None)
2021-07-20 12:20:49,190:INFO:Checking environment
2021-07-20 12:20:49,190:INFO:python_version: 3.9.5
2021-07-20 12:20:49,191:INFO:python_build: ('default', 'May 18 2021 12:31:01')
2021-07-20 12:20:49,191:INFO:machine: x86_64
2021-07-20 12:20:49,245:INFO:platform: macOS-10.16-x86_64-i386-64bit
2021-07-20 12:20:49,247:WARNING:cannot find psutil installation. memory not traceable. Install psutil using pip to enable memory logging.
2021-07-20 12:20:49,247:INFO:Checking libraries
2021-07-20 12:20:49,247:INFO:pd==1.3.0
2021-07-20 12:20:49,247:INFO:numpy==1.21.1
2021-07-20 12:20:49,247:INFO:sklearn==0.24.2
2021-07-20 12:20:49,357:INFO:xgboost==1.4.2
2021-07-20 12:20:49,358:INFO:lightgbm==3.2.1
2021-07-20 12:20:49,476:INFO:catboost==0.26
2021-07-20 12:20:50,068:INFO:mlflow==1.19.0
2021-07-20 12:20:50,068:INFO:Checking Exceptions
2021-07-20 12:20:50,069:INFO:Declaring global variables
2021-07-20 12:20:50,069:INFO:USI: f120
2021-07-20 12:20:50,069:INFO:pycaret_globals: {'create_model_container', 'fix_imbalance_method_param', 'target_param', '_all_models', 'transform_target_method_param', '_gpu_n_jobs_param', 'n_jobs_param', '_available_plots', 'fix_imbalance_param', '_all_models_internal', 'prep_pipe', 'imputation_regressor', 'exp_name_log', 'X_test', 'USI', 'seed', 'gpu_param', 'fold_groups_param', 'y', 'X', 'fold_shuffle_param', 'display_container', 'fold_generator', 'html_param', '_internal_pipeline', 'fold_param', 'experiment__', 'pycaret_globals', 'master_model_container', 'y_test', 'log_plots_param', 'y_train', 'transform_target_param', 'imputation_classifier', '_all_metrics', '_ml_usecase', 'stratify_param', 'logging_param', 'data_before_preprocess', 'X_train', 'iterative_imputation_iters_param'}
2021-07-20 12:20:50,069:INFO:Preparing display monitor
2021-07-20 12:20:50,069:INFO:Preparing display monitor
2021-07-20 12:20:50,181:INFO:Importing libraries
2021-07-20 12:20:50,182:INFO:Copying data for preprocessing
2021-07-20 12:20:50,195:INFO:Declaring preprocessing parameters
2021-07-20 12:20:50,197:INFO:Creating preprocessing pipeline
2021-07-20 12:20:50,207:INFO:Preprocessing pipeline created successfully
2021-07-20 12:20:50,208:ERROR:(Process Exit): setup has been interupted with user command 'quit'. setup must rerun.
2021-07-20 12:20:50,208:INFO:Creating global containers
2021-07-20 12:20:58,528:INFO:PyCaret Supervised Module
2021-07-20 12:20:58,528:INFO:ML Usecase: classification
2021-07-20 12:20:58,528:INFO:version 2.2.2
2021-07-20 12:20:58,528:INFO:Initializing setup()
2021-07-20 12:20:58,528:INFO:setup(target=workout_type, ml_usecase=classification, available_plots={'parameter': 'Hyperparameters', 'auc': 'AUC', 'confusion_matrix': 'Confusion Matrix', 'threshold': 'Threshold', 'pr': 'Precision Recall', 'error': 'Prediction Error', 'class_report': 'Class Report', 'rfe': 'Feature Selection', 'learning': 'Learning Curve', 'manifold': 'Manifold Learning', 'calibration': 'Calibration Curve', 'vc': 'Validation Curve', 'dimension': 'Dimensions', 'feature': 'Feature Importance', 'feature_all': 'Feature Importance (All)', 'boundary': 'Decision Boundary', 'lift': 'Lift Chart', 'gain': 'Gain Chart', 'tree': 'Decision Tree'}, train_size=0.7, test_data=None, preprocess=True, imputation_type=iterative, iterative_imputation_iters=5, categorical_features=None, categorical_imputation=constant, categorical_iterative_imputer=lightgbm, ordinal_features=None, high_cardinality_features=None, high_cardinality_method=frequency, numeric_features=None, numeric_imputation=mean, numeric_iterative_imputer=lightgbm, date_features=None, ignore_features=None, normalize=False, normalize_method=zscore, transformation=False, transformation_method=yeo-johnson, handle_unknown_categorical=True, unknown_categorical_method=least_frequent, pca=False, pca_method=linear, pca_components=None, ignore_low_variance=False, combine_rare_levels=False, rare_level_threshold=0.1, bin_numeric_features=None, remove_outliers=False, outliers_threshold=0.05, remove_multicollinearity=False, multicollinearity_threshold=0.9, remove_perfect_collinearity=True, create_clusters=False, cluster_iter=20, polynomial_features=False, polynomial_degree=2, trigonometry_features=False, polynomial_threshold=0.1, group_features=None, group_names=None, feature_selection=False, feature_selection_threshold=0.8, feature_selection_method=classic, feature_interaction=False, feature_ratio=False, interaction_threshold=0.01, fix_imbalance=False, fix_imbalance_method=None, transform_target=False, transform_target_method=box-cox, data_split_shuffle=True, data_split_stratify=False, fold_strategy=stratifiedkfold, fold=10, fold_shuffle=True, fold_groups=None, n_jobs=-1, use_gpu=False, custom_pipeline=None, html=True, session_id=None, log_experiment=False, experiment_name=None, log_plots=False, log_profile=False, log_data=False, silent=False, verbose=True, profile=False, profile_kwargs=None, display=None)
2021-07-20 12:20:58,528:INFO:Checking environment
2021-07-20 12:20:58,528:INFO:python_version: 3.9.5
2021-07-20 12:20:58,528:INFO:python_build: ('default', 'May 18 2021 12:31:01')
2021-07-20 12:20:58,528:INFO:machine: x86_64
2021-07-20 12:20:58,529:INFO:platform: macOS-10.16-x86_64-i386-64bit
2021-07-20 12:20:58,555:WARNING:cannot find psutil installation. memory not traceable. Install psutil using pip to enable memory logging.
2021-07-20 12:20:58,555:INFO:Checking libraries
2021-07-20 12:20:58,555:INFO:pd==1.3.0
2021-07-20 12:20:58,555:INFO:numpy==1.21.1
2021-07-20 12:20:58,555:INFO:sklearn==0.24.2
2021-07-20 12:20:58,555:INFO:xgboost==1.4.2
2021-07-20 12:20:58,556:INFO:lightgbm==3.2.1
2021-07-20 12:20:58,556:INFO:catboost==0.26
2021-07-20 12:20:58,556:INFO:mlflow==1.19.0
2021-07-20 12:20:58,556:INFO:Checking Exceptions
2021-07-20 12:20:58,556:INFO:Declaring global variables
2021-07-20 12:20:58,556:INFO:USI: 883f
2021-07-20 12:20:58,556:INFO:pycaret_globals: {'create_model_container', 'fix_imbalance_method_param', 'target_param', '_all_models', 'transform_target_method_param', '_gpu_n_jobs_param', 'n_jobs_param', '_available_plots', 'fix_imbalance_param', '_all_models_internal', 'prep_pipe', 'imputation_regressor', 'exp_name_log', 'X_test', 'USI', 'seed', 'gpu_param', 'fold_groups_param', 'y', 'X', 'fold_shuffle_param', 'display_container', 'fold_generator', 'html_param', '_internal_pipeline', 'fold_param', 'experiment__', 'pycaret_globals', 'master_model_container', 'y_test', 'log_plots_param', 'y_train', 'transform_target_param', 'imputation_classifier', '_all_metrics', '_ml_usecase', 'stratify_param', 'logging_param', 'data_before_preprocess', 'X_train', 'iterative_imputation_iters_param'}
2021-07-20 12:20:58,556:INFO:Preparing display monitor
2021-07-20 12:20:58,557:INFO:Preparing display monitor
2021-07-20 12:20:58,588:INFO:Importing libraries
2021-07-20 12:20:58,589:INFO:Copying data for preprocessing
2021-07-20 12:20:58,618:INFO:Declaring preprocessing parameters
2021-07-20 12:20:58,620:INFO:Setting up iterative imputation
2021-07-20 12:21:00,026:INFO:Creating preprocessing pipeline
2021-07-20 12:21:00,041:INFO:Preprocessing pipeline created successfully
2021-07-20 12:21:00,041:ERROR:(Process Exit): setup has been interupted with user command 'quit'. setup must rerun.
2021-07-20 12:21:00,041:INFO:Creating global containers
2021-07-20 12:21:00,050:INFO:Internal pipeline: Pipeline(memory=None, steps=[('empty_step', 'passthrough')], verbose=False)
2021-07-20 12:21:04,434:INFO:Iterative Imputation: 1 cycle | average_heartrate
2021-07-20 12:21:05,458:INFO:Iterative Imputation: 1 cycle | max_heartrate
2021-07-20 12:21:06,175:INFO:Iterative Imputation: 2 cycle | average_heartrate
2021-07-20 12:21:06,698:INFO:Iterative Imputation: 2 cycle | max_heartrate
2021-07-20 12:21:06,856:INFO:Iterative Imputation: 3 cycle | average_heartrate
2021-07-20 12:21:07,006:INFO:Iterative Imputation: 3 cycle | max_heartrate
2021-07-20 12:21:07,170:INFO:Iterative Imputation: 4 cycle | average_heartrate
2021-07-20 12:21:07,320:INFO:Iterative Imputation: 4 cycle | max_heartrate
2021-07-20 12:21:07,476:INFO:Iterative Imputation: 5 cycle | average_heartrate
2021-07-20 12:21:07,659:INFO:Iterative Imputation: 5 cycle | max_heartrate
2021-07-20 12:21:07,838:INFO:Iterative Imputation: 1 cycle | average_heartrate
2021-07-20 12:21:07,936:INFO:Iterative Imputation: 1 cycle | max_heartrate
2021-07-20 12:21:08,027:INFO:Iterative Imputation: 2 cycle | average_heartrate
2021-07-20 12:21:08,129:INFO:Iterative Imputation: 2 cycle | max_heartrate
2021-07-20 12:21:08,232:INFO:Iterative Imputation: 3 cycle | average_heartrate
2021-07-20 12:21:08,339:INFO:Iterative Imputation: 3 cycle | max_heartrate
2021-07-20 12:21:08,446:INFO:Iterative Imputation: 4 cycle | average_heartrate
2021-07-20 12:21:08,549:INFO:Iterative Imputation: 4 cycle | max_heartrate
2021-07-20 12:21:08,642:INFO:Iterative Imputation: 5 cycle | average_heartrate
2021-07-20 12:21:08,734:INFO:Iterative Imputation: 5 cycle | max_heartrate
2021-07-20 12:21:08,873:INFO:Iterative Imputation: 1 cycle | average_heartrate
2021-07-20 12:21:08,967:INFO:Iterative Imputation: 1 cycle | max_heartrate
2021-07-20 12:21:09,063:INFO:Iterative Imputation: 2 cycle | average_heartrate
2021-07-20 12:21:09,160:INFO:Iterative Imputation: 2 cycle | max_heartrate
2021-07-20 12:21:09,262:INFO:Iterative Imputation: 3 cycle | average_heartrate
2021-07-20 12:21:09,358:INFO:Iterative Imputation: 3 cycle | max_heartrate
2021-07-20 12:21:09,452:INFO:Iterative Imputation: 4 cycle | average_heartrate
2021-07-20 12:21:09,546:INFO:Iterative Imputation: 4 cycle | max_heartrate
2021-07-20 12:21:09,644:INFO:Iterative Imputation: 5 cycle | average_heartrate
2021-07-20 12:21:09,738:INFO:Iterative Imputation: 5 cycle | max_heartrate
2021-07-20 12:21:10,145:INFO:Creating grid variables
2021-07-20 12:21:10,171:INFO:create_model_container: 0
2021-07-20 12:21:10,171:INFO:master_model_container: 0
2021-07-20 12:21:10,171:INFO:display_container: 1
